Full Formula (Au4)
Reduced Formula: Au
abc   :   4.056169   4.056169   4.056169
angles:  90.000000  90.000000  90.000000
pbc   :       True       True       True
Sites (4)
  #  SP      a    b    c
---  ----  ---  ---  ---
  0  Au    0    0    0
  1  Au    0    0.5  0.5
  2  Au    0.5  0    0.5
  3  Au    0.5  0.5  0

============================
 Job utilisation efficiency
============================

Job ID: 26402356
Cluster: viking2.yor.alces.network
User/Group: qtl506/clusterusers
State: COMPLETED (exit code 0)
Cores: 1
CPU Utilized: 00:00:05
CPU Efficiency: 38.46% of 00:00:13 core-walltime
Job Wall-clock time: 00:00:13
Memory Utilized: 3.57 MB
Memory Efficiency: 0.35% of 1.00 GB
 Requested wall clock time: 00:05:00
    Actual wall clock time: 00:00:13
Wall clock time efficiency: 4.3%
           Job queued time: 00:00:23
