Traceback (most recent call last):
  File "/mnt/scratch/users/qtl506/Project-39/NP-project-examples/NP-project-examples/1-MaterialsProject-retrieve-structure/get-structure.py", line 1, in <module>
    from mp_api.client import MPRester
ModuleNotFoundError: No module named 'mp_api'

============================
 Job utilisation efficiency
============================

Job ID: 25883961
Cluster: viking2.yor.alces.network
User/Group: qtl506/clusterusers
State: FAILED (exit code 1)
Cores: 1
CPU Utilized: 00:00:01
CPU Efficiency: 100.00% of 00:00:01 core-walltime
Job Wall-clock time: 00:00:01
Memory Utilized: 3.60 MB
Memory Efficiency: 0.35% of 1.00 GB
 Requested wall clock time: 00:05:00
    Actual wall clock time: 00:00:01
Wall clock time efficiency: 0.3%
           Job queued time: 00:00:02
