/users/qtl506/scratch/python_environments/envs/project2/lib/python3.11/site-packages/e3nn/o3/_wigner.py:10: UserWarning: Environment variable TORCH_FORCE_NO_WEIGHTS_ONLY_LOAD detected, since the`weights_only` argument was not explicitly passed to `torch.load`, forcing weights_only=False.
  _Jd, _W3j_flat, _W3j_indices = torch.load(os.path.join(os.path.dirname(__file__), 'constants.pt'))
/users/qtl506/scratch/python_environments/envs/project2/lib/python3.11/site-packages/mace/calculators/mace.py:197: UserWarning: Environment variable TORCH_FORCE_NO_WEIGHTS_ONLY_LOAD detected, since the`weights_only` argument was not explicitly passed to `torch.load`, forcing weights_only=False.
  torch.load(f=model_path, map_location=device)
/users/qtl506/scratch/python_environments/envs/project2/lib/python3.11/site-packages/janus_core/calculations/geom_opt.py:225: FutureWarning: `model_path` has been deprecated. Please use `model`.
  super().__init__(
cuequivariance or cuequivariance_torch is not available. Cuequivariance acceleration will be disabled.
Using float64 for MACECalculator, which is slower but more accurate. Recommended for geometry optimization.
Using head Default out of ['Default']
       Step     Time          Energy          fmax
LBFGS:    0 04:21:01      -18.544364        0.224162
LBFGS:    1 04:21:02      -18.545542        0.222820
LBFGS:    2 04:21:02      -18.584076        0.259869
LBFGS:    3 04:21:02      -18.588697        0.250813
LBFGS:    4 04:21:02      -18.611771        0.112610
LBFGS:    5 04:21:03      -18.613199        0.080471
LBFGS:    6 04:21:03      -18.613485        0.066860
LBFGS:    7 04:21:03      -18.613927        0.048502
LBFGS:    8 04:21:03      -18.614768        0.074444
LBFGS:    9 04:21:03      -18.615603        0.082126
LBFGS:   10 04:21:03      -18.616171        0.066091
LBFGS:   11 04:21:04      -18.616487        0.063338
LBFGS:   12 04:21:04      -18.616885        0.073951
LBFGS:   13 04:21:04      -18.617544        0.070768
LBFGS:   14 04:21:04      -18.618197        0.042343
LBFGS:   15 04:21:04      -18.618471        0.014599
LBFGS:   16 04:21:04      -18.618512        0.003019
LBFGS:   17 04:21:05      -18.618514        0.000175
Optimized energy (eV): -18.61851366643976

============================
 Job utilisation efficiency
============================

Job ID: 27636731
Cluster: viking2.yor.alces.network
User/Group: qtl506/clusterusers
State: COMPLETED (exit code 0)
Cores: 1
CPU Utilized: 00:00:12
CPU Efficiency: 29.27% of 00:00:41 core-walltime
Job Wall-clock time: 00:00:41
Memory Utilized: 583.05 MB
Memory Efficiency: 56.94% of 1.00 GB
 Requested wall clock time: 00:05:00
    Actual wall clock time: 00:00:41
Wall clock time efficiency: 13.7%
           Job queued time: 00:00:23
