
CommandNotFoundError: Your shell has not been properly configured to use 'conda activate'.
To initialize your shell, run

    $ conda init <SHELL_NAME>

Currently supported shells are:
  - bash
  - fish
  - tcsh
  - xonsh
  - zsh
  - powershell

See 'conda init --help' for more information and options.

IMPORTANT: You may need to close and restart your shell after running 'conda init'.



============================
 Job utilisation efficiency
============================

Job ID: 26153209
Cluster: viking2.yor.alces.network
User/Group: qtl506/clusterusers
State: FAILED (exit code 1)
Cores: 1
CPU Utilized: 00:00:01
CPU Efficiency: 5.00% of 00:00:20 core-walltime
Job Wall-clock time: 00:00:20
Memory Utilized: 3.60 MB
Memory Efficiency: 0.35% of 1.00 GB
 Requested wall clock time: 00:05:00
    Actual wall clock time: 00:00:20
Wall clock time efficiency: 6.7%
           Job queued time: 00:00:28
